[debug] [2018-11-03T06:04:11.683Z] ----------------------------------------------------------------------
[debug] [2018-11-03T06:04:11.685Z] Command:       C:\Program Files\nodejs\node.exe C:\Users\Jack Xu\AppData\Roaming\npm\node_modules\firebase-tools\lib\bin\firebase.js init
[debug] [2018-11-03T06:04:11.685Z] CLI Version:   6.0.1
[debug] [2018-11-03T06:04:11.685Z] Platform:      win32
[debug] [2018-11-03T06:04:11.685Z] Node Version:  v8.12.0
[debug] [2018-11-03T06:04:11.685Z] Time:          Fri Nov 02 2018 23:04:11 GMT-0700 (Pacific Daylight Time)
[debug] [2018-11-03T06:04:11.685Z] ----------------------------------------------------------------------
[debug] 
[debug] [2018-11-03T06:04:11.694Z] > command requires scopes: ["email","openid","https://www.googleapis.com/auth/cloudplatformprojects.readonly","https://www.googleapis.com/auth/firebase","https://www.googleapis.com/auth/cloud-platform"]
[debug] [2018-11-03T06:04:11.695Z] > authorizing via signed-in user
[info] 
     ######## #### ########  ######## ########     ###     ######  ########
     ##        ##  ##     ## ##       ##     ##  ##   ##  ##       ##
     ######    ##  ########  ######   ########  #########  ######  ######
     ##        ##  ##    ##  ##       ##     ## ##     ##       ## ##
     ##       #### ##     ## ######## ########  ##     ##  ######  ########

You're about to initialize a Firebase project in this directory:

  C:\Users\Jack Xu\Desktop\4711-lab3\hangman game

Before we get started, keep in mind:

  * You are initializing in an existing Firebase project directory

[info] 
=== Project Setup
[info] 
[info] First, let's associate this project directory with a Firebase project.
[info] You can create multiple project aliases by running firebase use --add, 
[info] but for now we'll just set up a default project.
[info] 
[info] i  .firebaserc already has a default project, skipping
[info] 
=== Hosting Setup
[info] 
[info] Your public directory is the folder (relative to your project directory) that
[info] will contain Hosting assets to be uploaded with firebase deploy. If you
[info] have a build process for your assets, use your build's output directory.
[info] 
[debug] [2018-11-03T06:06:36.037Z] ----------------------------------------------------------------------
[debug] [2018-11-03T06:06:36.040Z] Command:       C:\Program Files\nodejs\node.exe C:\Users\Jack Xu\AppData\Roaming\npm\node_modules\firebase-tools\lib\bin\firebase.js init
[debug] [2018-11-03T06:06:36.040Z] CLI Version:   6.0.1
[debug] [2018-11-03T06:06:36.040Z] Platform:      win32
[debug] [2018-11-03T06:06:36.040Z] Node Version:  v8.12.0
[debug] [2018-11-03T06:06:36.041Z] Time:          Fri Nov 02 2018 23:06:36 GMT-0700 (Pacific Daylight Time)
[debug] [2018-11-03T06:06:36.041Z] ----------------------------------------------------------------------
[debug] 
[debug] [2018-11-03T06:06:36.050Z] > command requires scopes: ["email","openid","https://www.googleapis.com/auth/cloudplatformprojects.readonly","https://www.googleapis.com/auth/firebase","https://www.googleapis.com/auth/cloud-platform"]
[debug] [2018-11-03T06:06:36.050Z] > authorizing via signed-in user
[info] 
     ######## #### ########  ######## ########     ###     ######  ########
     ##        ##  ##     ## ##       ##     ##  ##   ##  ##       ##
     ######    ##  ########  ######   ########  #########  ######  ######
     ##        ##  ##    ##  ##       ##     ## ##     ##       ## ##
     ##       #### ##     ## ######## ########  ##     ##  ######  ########

You're about to initialize a Firebase project in this directory:

  C:\Users\Jack Xu\Desktop\4711-lab3\hangman game

Before we get started, keep in mind:

  * You are initializing in an existing Firebase project directory

[info] 
=== Project Setup
[info] 
[info] First, let's associate this project directory with a Firebase project.
[info] You can create multiple project aliases by running firebase use --add, 
[info] but for now we'll just set up a default project.
[info] 
[info] i  .firebaserc already has a default project, skipping
[info] 
=== Hosting Setup
[info] 
[info] Your public directory is the folder (relative to your project directory) that
[info] will contain Hosting assets to be uploaded with firebase deploy. If you
[info] have a build process for your assets, use your build's output directory.
[info] 
